2018-05-17 18:04:26,154 INFO o.a.j.u.JMeterUtils: Setting Locale to en
2018-05-17 18:04:26,175 INFO o.a.j.JMeter: Loading user properties from: C:\Jmeter\apache-jmeter-4.0\bin\user.properties
2018-05-17 18:04:26,176 INFO o.a.j.JMeter: Loading system properties from: C:\Jmeter\apache-jmeter-4.0\bin\system.properties
2018-05-17 18:04:26,183 INFO o.a.j.JMeter: Copyright (c) 1998-2018 The Apache Software Foundation
2018-05-17 18:04:26,183 INFO o.a.j.JMeter: Version 4.0 r1823414
2018-05-17 18:04:26,183 INFO o.a.j.JMeter: java.version=1.8.0_171
2018-05-17 18:04:26,183 INFO o.a.j.JMeter: java.vm.name=Java HotSpot(TM) 64-Bit Server VM
2018-05-17 18:04:26,183 INFO o.a.j.JMeter: os.name=Windows 10
2018-05-17 18:04:26,183 INFO o.a.j.JMeter: os.arch=amd64
2018-05-17 18:04:26,183 INFO o.a.j.JMeter: os.version=10.0
2018-05-17 18:04:26,184 INFO o.a.j.JMeter: file.encoding=Cp1252
2018-05-17 18:04:26,184 INFO o.a.j.JMeter: Max memory     =1073741824
2018-05-17 18:04:26,184 INFO o.a.j.JMeter: Available Processors =4
2018-05-17 18:04:26,189 INFO o.a.j.JMeter: Default Locale=English (EN)
2018-05-17 18:04:26,189 INFO o.a.j.JMeter: JMeter  Locale=English
2018-05-17 18:04:26,189 INFO o.a.j.JMeter: JMeterHome=C:\Jmeter\apache-jmeter-4.0
2018-05-17 18:04:26,189 INFO o.a.j.JMeter: user.dir  =C:\REPOSITORY\SUSESO\01_GENERAR_FUI
2018-05-17 18:04:26,189 INFO o.a.j.JMeter: PWD       =C:\REPOSITORY\SUSESO\01_GENERAR_FUI
2018-05-17 18:04:30,903 INFO o.a.j.JMeter: IP: 192.168.56.1 Name: notebook-129 FullName: notebook-129
2018-05-17 18:04:30,903 INFO o.a.j.s.FileServer: Default base='C:\REPOSITORY\SUSESO\01_GENERAR_FUI'
2018-05-17 18:04:30,903 INFO o.a.j.s.FileServer: Set new base='C:\REPOSITORY\SUSESO\01_GENERAR_FUI'
2018-05-17 18:04:31,080 INFO o.a.j.s.SaveService: Testplan (JMX) version: 2.2. Testlog (JTL) version: 2.2
2018-05-17 18:04:31,105 INFO o.a.j.s.SaveService: Using SaveService properties file encoding UTF-8
2018-05-17 18:04:31,112 INFO o.a.j.s.SaveService: Using SaveService properties version 4.0
2018-05-17 18:04:31,118 INFO o.a.j.s.SaveService: Loading file: Generar_FUI_con_Adjuntos.jmx
2018-05-17 18:04:31,156 INFO o.a.j.p.h.c.CookieManager: Settings: Delete null: true Check: true Allow variable: true Save: false Prefix: COOKIE_
2018-05-17 18:04:31,172 INFO o.a.j.p.h.c.CacheManager: Will only cache the following methods: [GET]
2018-05-17 18:04:31,188 INFO o.a.j.p.h.s.HTTPSamplerBase: Parser for text/html is org.apache.jmeter.protocol.http.parser.LagartoBasedHtmlParser
2018-05-17 18:04:31,188 INFO o.a.j.p.h.s.HTTPSamplerBase: Parser for application/xhtml+xml is org.apache.jmeter.protocol.http.parser.LagartoBasedHtmlParser
2018-05-17 18:04:31,188 INFO o.a.j.p.h.s.HTTPSamplerBase: Parser for application/xml is org.apache.jmeter.protocol.http.parser.LagartoBasedHtmlParser
2018-05-17 18:04:31,188 INFO o.a.j.p.h.s.HTTPSamplerBase: Parser for text/xml is org.apache.jmeter.protocol.http.parser.LagartoBasedHtmlParser
2018-05-17 18:04:31,188 INFO o.a.j.p.h.s.HTTPSamplerBase: Parser for text/vnd.wap.wml is org.apache.jmeter.protocol.http.parser.RegexpHTMLParser
2018-05-17 18:04:31,188 INFO o.a.j.p.h.s.HTTPSamplerBase: Parser for text/css is org.apache.jmeter.protocol.http.parser.CssParser
2018-05-17 18:04:31,652 INFO o.a.j.e.KeyToolUtils: keytool found at 'keytool'
2018-05-17 18:04:31,652 INFO o.a.j.p.h.p.ProxyControl: HTTP(S) Test Script Recorder SSL Proxy will use keys that support embedded 3rd party resources in file C:\Jmeter\apache-jmeter-4.0\bin\proxyserver.jks
2018-05-17 18:04:31,667 INFO o.a.j.JMeter: Creating summariser <summary>
2018-05-17 18:04:31,683 INFO o.a.j.e.StandardJMeterEngine: Running the test!
2018-05-17 18:04:31,683 INFO o.a.j.s.SampleEvent: List of sample_variables: []
2018-05-17 18:04:31,683 INFO o.a.j.s.SampleEvent: List of sample_variables: []
2018-05-17 18:04:31,683 INFO o.a.j.e.u.CompoundVariable: Note: Function class names must contain the string: '.functions.'
2018-05-17 18:04:31,683 INFO o.a.j.e.u.CompoundVariable: Note: Function class names must not contain the string: '.gui.'
2018-05-17 18:04:32,245 INFO o.a.j.JMeter: Running test (1526594672245)
2018-05-17 18:04:32,308 INFO o.a.j.e.StandardJMeterEngine: Starting ThreadGroup: 1 : Ciudadanos Thread Group
2018-05-17 18:04:32,308 INFO o.a.j.e.StandardJMeterEngine: Starting 1 threads for group Ciudadanos Thread Group.
2018-05-17 18:04:32,308 INFO o.a.j.e.StandardJMeterEngine: Thread will continue on error
2018-05-17 18:04:32,308 INFO o.a.j.t.ThreadGroup: Starting thread group... number=1 threads=1 ramp-up=1 perThread=1000.0 delayedStart=false
2018-05-17 18:04:32,323 INFO o.a.j.t.ThreadGroup: Started thread group number 1
2018-05-17 18:04:32,323 INFO o.a.j.e.StandardJMeterEngine: Starting ThreadGroup: 2 : Recording Thread Group
2018-05-17 18:04:32,323 INFO o.a.j.e.StandardJMeterEngine: Starting 1 threads for group Recording Thread Group.
2018-05-17 18:04:32,323 INFO o.a.j.e.StandardJMeterEngine: Thread will continue on error
2018-05-17 18:04:32,323 INFO o.a.j.t.ThreadGroup: Starting thread group... number=2 threads=1 ramp-up=1 perThread=1000.0 delayedStart=false
2018-05-17 18:04:32,323 INFO o.a.j.t.ThreadGroup: Started thread group number 2
2018-05-17 18:04:32,323 INFO o.a.j.e.StandardJMeterEngine: All thread groups have been started
2018-05-17 18:04:32,339 INFO o.a.j.t.JMeterThread: Thread started: Recording Thread Group 2-1
2018-05-17 18:04:32,339 INFO o.a.j.t.JMeterThread: Thread is done: Recording Thread Group 2-1
2018-05-17 18:04:32,339 INFO o.a.j.t.JMeterThread: Thread finished: Recording Thread Group 2-1
2018-05-17 18:04:32,339 INFO o.a.j.s.SampleResult: Note: Sample TimeStamps are START times
2018-05-17 18:04:32,339 INFO o.a.j.s.SampleResult: sampleresult.default.encoding is set to ISO-8859-1
2018-05-17 18:04:32,339 INFO o.a.j.s.SampleResult: sampleresult.useNanoTime=true
2018-05-17 18:04:32,339 INFO o.a.j.s.SampleResult: sampleresult.nanoThreadSleep=5000
2018-05-17 18:04:32,355 INFO o.a.j.t.JMeterThread: Thread started: Ciudadanos Thread Group 1-1
2018-05-17 18:04:33,773 INFO o.a.j.p.h.s.HTTPHCAbstractImpl: Local host = notebook-129
2018-05-17 18:04:33,789 INFO o.a.j.p.h.s.HTTPHC4Impl: HTTP request retry count = 0
2018-05-17 18:04:34,024 INFO o.a.j.r.Summariser: summary +      1 in 00:00:02 =    0.6/s Avg:   159 Min:   159 Max:   159 Err:     0 (0.00%) Active: 1 Started: 2 Finished: 1
2018-05-17 18:04:34,026 INFO o.a.j.s.FileServer: Stored: suseso_doc\PARAM_USER.csv
2018-05-17 18:04:55,958 INFO o.a.j.s.FileServer: Stored: suseso_doc\/1_suseso.pdf
2018-05-17 18:04:59,755 INFO o.a.j.s.FileServer: Stored: suseso_doc\/2_suseso.pdf
2018-05-17 18:05:04,042 INFO o.a.j.r.Summariser: summary +     16 in 00:00:30 =    0.5/s Avg:   658 Min:    20 Max:  4285 Err:     0 (0.00%) Active: 1 Started: 2 Finished: 1
2018-05-17 18:05:04,042 INFO o.a.j.r.Summariser: summary =     17 in 00:00:32 =    0.5/s Avg:   629 Min:    20 Max:  4285 Err:     0 (0.00%)
2018-05-17 18:05:05,482 INFO o.a.j.s.FileServer: Stored: suseso_doc\/3_suseso.pdf
2018-05-17 18:05:11,330 INFO o.a.j.s.FileServer: Stored: suseso_doc\/4_suseso.pdf
2018-05-17 18:05:18,468 INFO o.a.j.s.FileServer: Stored: suseso_doc\/5_suseso.pdf
2018-05-17 18:05:23,884 INFO o.a.j.s.FileServer: Stored: suseso_doc\/6_suseso.pdf
2018-05-17 18:05:30,913 INFO o.a.j.r.Summariser: summary +      4 in 00:00:27 =    0.1/s Avg:  5349 Min:  4260 Max:  7029 Err:     0 (0.00%) Active: 1 Started: 2 Finished: 1
2018-05-17 18:05:30,913 INFO o.a.j.r.Summariser: summary =     21 in 00:00:59 =    0.4/s Avg:  1528 Min:    20 Max:  7029 Err:     0 (0.00%)
2018-05-17 18:05:32,327 INFO o.a.j.s.FileServer: Stored: suseso_doc\/7_suseso.pdf
2018-05-17 18:05:55,718 INFO o.a.j.t.JMeterThread: Thread is done: Ciudadanos Thread Group 1-1
2018-05-17 18:05:55,718 INFO o.a.j.t.JMeterThread: Thread finished: Ciudadanos Thread Group 1-1
2018-05-17 18:05:55,719 INFO o.a.j.e.StandardJMeterEngine: Notifying test listeners of end of test
2018-05-17 18:05:55,719 INFO o.a.j.s.FileServer: Close: suseso_doc\PARAM_USER.csv
2018-05-17 18:05:55,736 INFO o.a.j.r.Summariser: summary +      9 in 00:00:25 =    0.4/s Avg:  1516 Min:    34 Max:  6208 Err:     0 (0.00%) Active: 0 Started: 2 Finished: 2
2018-05-17 18:05:55,737 INFO o.a.j.r.Summariser: summary =     30 in 00:01:23 =    0.4/s Avg:  1524 Min:    20 Max:  7029 Err:     0 (0.00%)
